INFO     2017-02-16 00:20:54,691-10s Montura RA = 20:20:20 DEC = +30:30:30 AZ = 555:55:55 ALT = -10:10:10
INFO     2017-02-16 00:20:54,691-10s Montura Mensaje publicado: AZ = 555:55:55
INFO     2017-02-16 00:21:00,846-10s Montura RA = 20:20:20 DEC = +30:30:30 AZ = 555:55:55 ALT = -10:10:10
INFO     2017-02-16 00:21:00,846-10s Montura Mensaje publicado: AZ = 555:55:55
INFO     2017-02-16 00:21:07,013-10s Montura RA = 20:20:20 DEC = +30:30:30 AZ = 555:55:55 ALT = -10:10:10
INFO     2017-02-16 00:28:27,648-10s Montura RA = 20:20:20 DEC = +30:30:30 AZ = 555:55:55 ALT = -10:10:10
INFO     2017-02-16 00:28:27,648-10s Montura Mensaje publicado: AZ = 555:55:55
INFO     2017-02-16 00:28:33,802-10s Montura RA = 20:20:20 DEC = +30:30:30 AZ = 555:55:55 ALT = -10:10:10
INFO     2017-02-16 00:30:27,427-10s Montura RA = 20:20:20 DEC = +30:30:30 AZ = 555:55:55 ALT = -10:10:10
INFO     2017-02-16 00:30:27,427-10s Montura Mensaje publicado: AZ = 555:55:55
INFO     2017-02-16 00:30:33,568-10s Montura RA = 20:20:20 DEC = +30:30:30 AZ = 555:55:55 ALT = -10:10:10
INFO     2017-02-16 01:15:43,411-10s Montura RA = 20:20:20 DEC = +30:30:30 AZ = 555:55:55 ALT = -10:10:10
INFO     2017-02-16 01:15:43,413-10s Montura Mensaje publicado: AZ = 555:55:55
INFO     2017-02-16 01:18:39,157-10s Montura RA = 20:20:20 DEC = +30:30:30 AZ = 555:55:55 ALT = -10:10:10
INFO     2017-02-16 01:18:39,158-10s Montura Mensaje publicado: AZ = 555:55:55
INFO     2017-02-16 01:18:45,265-10s Montura RA = 20:20:20 DEC = +30:30:30 AZ = 555:55:55 ALT = -10:10:10
INFO     2017-02-16 01:26:25,338-10s Montura RA = 20:20:20 DEC = +30:30:30 AZ = 555:55:55 ALT = -10:10:10
INFO     2017-02-16 01:26:25,338-10s Montura Mensaje publicado: AZ = 555:55:55
INFO     2017-02-16 01:26:31,460-10s Montura RA = 20:20:20 DEC = +30:30:30 AZ = 555:55:55 ALT = -10:10:10
INFO     2017-02-16 01:32:39,144-10s Montura RA = 20:20:20 DEC = +30:30:30 AZ = 555:55:55 ALT = -10:10:10
INFO     2017-02-16 01:32:39,144-10s Montura Mensaje publicado: AZ = 555:55:55
INFO     2017-02-16 01:33:05,387-10s Montura RA = 20:20:20 DEC = +30:30:30 AZ = 555:55:55 ALT = -10:10:10
INFO     2017-02-16 01:33:05,388-10s Montura Mensaje publicado: AZ = 555:55:55
INFO     2017-02-16 01:37:48,846-10s Montura RA = 20:20:20 DEC = +30:30:30 AZ = 555:55:55 ALT = -10:10:10
INFO     2017-02-16 01:37:48,848-10s Montura Mensaje publicado: AZ = 555:55:55
INFO     2017-02-16 01:37:54,983-10s Montura RA = 20:20:20 DEC = +30:30:30 AZ = 555:55:55 ALT = -10:10:10
INFO     2017-02-16 01:37:54,983-10s Montura Mensaje publicado: AZ = 555:55:55
INFO     2017-02-16 01:38:01,119-10s Montura RA = 20:20:20 DEC = +30:30:30 AZ = 555:55:55 ALT = -10:10:10
INFO     2017-02-16 01:38:01,119-10s Montura Mensaje publicado: AZ = 555:55:55
INFO     2017-02-16 01:38:07,253-10s Montura RA = 20:20:20 DEC = +30:30:30 AZ = 555:55:55 ALT = -10:10:10
INFO     2017-02-16 01:38:07,253-10s Montura Mensaje publicado: AZ = 555:55:55
INFO     2017-02-16 01:38:13,385-10s Montura RA = 20:20:20 DEC = +30:30:30 AZ = 555:55:55 ALT = -10:10:10
INFO     2017-02-16 01:38:13,385-10s Montura Mensaje publicado: AZ = 555:55:55
INFO     2017-02-16 01:38:19,506-10s Montura RA = 20:20:20 DEC = +30:30:30 AZ = 555:55:55 ALT = -10:10:10
INFO     2017-02-16 01:38:19,506-10s Montura Mensaje publicado: AZ = 555:55:55
INFO     2017-02-16 01:38:25,628-10s Montura RA = 20:20:20 DEC = +30:30:30 AZ = 555:55:55 ALT = -10:10:10
INFO     2017-02-16 01:38:25,628-10s Montura Mensaje publicado: AZ = 555:55:55
INFO     2017-02-16 01:40:07,355-10s Montura RA = 20:20:20 DEC = +30:30:30 AZ = 555:55:55 ALT = -10:10:10
INFO     2017-02-16 01:40:07,355-10s Montura Mensaje publicado: AZ = 555:55:55
INFO     2017-02-16 01:40:13,499-10s Montura RA = 20:20:20 DEC = +30:30:30 AZ = 555:55:55 ALT = -10:10:10
INFO     2017-02-16 01:40:13,499-10s Montura Mensaje publicado: AZ = 555:55:55
INFO     2017-02-16 01:40:19,631-10s Montura RA = 20:20:20 DEC = +30:30:30 AZ = 555:55:55 ALT = -10:10:10
INFO     2017-02-16 01:40:19,632-10s Montura Mensaje publicado: AZ = 555:55:55
INFO     2017-02-16 01:40:25,790-10s Montura RA = 20:20:20 DEC = +30:30:30 AZ = 555:55:55 ALT = -10:10:10
INFO     2017-02-16 01:40:25,790-10s Montura Mensaje publicado: AZ = 555:55:55
INFO     2017-02-16 01:40:31,924-10s Montura RA = 20:20:20 DEC = +30:30:30 AZ = 555:55:55 ALT = -10:10:10
INFO     2017-02-16 01:40:31,924-10s Montura Mensaje publicado: AZ = 555:55:55
INFO     2017-02-16 01:40:38,086-10s Montura RA = 20:20:20 DEC = +30:30:30 AZ = 555:55:55 ALT = -10:10:10
INFO     2017-02-16 01:40:38,086-10s Montura Mensaje publicado: AZ = 555:55:55
INFO     2017-02-16 01:40:44,219-10s Montura RA = 20:20:20 DEC = +30:30:30 AZ = 555:55:55 ALT = -10:10:10
INFO     2017-02-16 01:40:44,219-10s Montura Mensaje publicado: AZ = 555:55:55
INFO     2017-02-16 01:40:50,365-10s Montura RA = 20:20:20 DEC = +30:30:30 AZ = 555:55:55 ALT = -10:10:10
INFO     2017-02-16 01:40:50,365-10s Montura Mensaje publicado: AZ = 555:55:55
INFO     2017-02-16 01:40:56,515-10s Montura RA = 20:20:20 DEC = +30:30:30 AZ = 555:55:55 ALT = -10:10:10
INFO     2017-02-16 01:40:56,515-10s Montura Mensaje publicado: AZ = 555:55:55
INFO     2017-02-16 01:41:02,664-10s Montura RA = 20:20:20 DEC = +30:30:30 AZ = 555:55:55 ALT = -10:10:10
INFO     2017-02-16 01:41:02,664-10s Montura Mensaje publicado: AZ = 555:55:55
INFO     2017-02-16 01:41:10,197-10s Montura RA = 20:20:20 DEC = +30:30:30 AZ = 555:55:55 ALT = -10:10:10
INFO     2017-02-16 01:41:10,197-10s Montura Mensaje publicado: AZ = 555:55:55
INFO     2017-02-16 01:42:37,328-10s Montura RA = 20:20:20 DEC = +30:30:30 AZ = 555:55:55 ALT = -10:10:10
INFO     2017-02-16 01:42:37,328-10s Montura Mensaje publicado: AZ = 555:55:55
INFO     2017-02-16 01:42:43,456-10s Montura RA = 20:20:20 DEC = +30:30:30 AZ = 555:55:55 ALT = -10:10:10
INFO     2017-02-16 01:42:43,457-10s Montura Mensaje publicado: AZ = 555:55:55
INFO     2017-02-16 01:42:49,607-10s Montura RA = 20:20:20 DEC = +30:30:30 AZ = 555:55:55 ALT = -10:10:10
INFO     2017-02-16 01:42:49,608-10s Montura Mensaje publicado: AZ = 555:55:55
INFO     2017-02-16 01:42:55,753-10s Montura RA = 20:20:20 DEC = +30:30:30 AZ = 555:55:55 ALT = -10:10:10
INFO     2017-02-16 01:42:55,753-10s Montura Mensaje publicado: AZ = 555:55:55
INFO     2017-02-16 01:43:01,894-10s Montura RA = 20:20:20 DEC = +30:30:30 AZ = 555:55:55 ALT = -10:10:10
INFO     2017-02-16 01:43:01,894-10s Montura Mensaje publicado: AZ = 555:55:55
INFO     2017-02-16 01:43:08,028-10s Montura RA = 20:20:20 DEC = +30:30:30 AZ = 555:55:55 ALT = -10:10:10
INFO     2017-02-16 01:43:08,028-10s Montura Mensaje publicado: AZ = 555:55:55
INFO     2017-02-16 01:43:14,164-10s Montura RA = 20:20:20 DEC = +30:30:30 AZ = 555:55:55 ALT = -10:10:10
INFO     2017-02-16 01:43:14,164-10s Montura Mensaje publicado: AZ = 555:55:55
INFO     2017-02-16 01:43:20,316-10s Montura RA = 20:20:20 DEC = +30:30:30 AZ = 555:55:55 ALT = -10:10:10
INFO     2017-02-16 01:43:20,318-10s Montura Mensaje publicado: AZ = 555:55:55
INFO     2017-02-16 01:43:26,476-10s Montura RA = 20:20:20 DEC = +30:30:30 AZ = 555:55:55 ALT = -10:10:10
INFO     2017-02-16 01:43:26,476-10s Montura Mensaje publicado: AZ = 555:55:55
INFO     2017-02-16 01:43:32,622-10s Montura RA = 20:20:20 DEC = +30:30:30 AZ = 555:55:55 ALT = -10:10:10
INFO     2017-02-16 01:43:32,624-10s Montura Mensaje publicado: AZ = 555:55:55
INFO     2017-02-16 01:43:40,163-10s Montura RA = 20:20:20 DEC = +30:30:30 AZ = 555:55:55 ALT = -10:10:10
INFO     2017-02-16 01:43:40,164-10s Montura Mensaje publicado: AZ = 555:55:55
INFO     2017-02-16 01:43:46,312-10s Montura RA = 20:20:20 DEC = +30:30:30 AZ = 555:55:55 ALT = -10:10:10
INFO     2017-02-16 01:43:46,313-10s Montura Mensaje publicado: AZ = 555:55:55
INFO     2017-02-16 01:43:52,447-10s Montura RA = 20:20:20 DEC = +30:30:30 AZ = 555:55:55 ALT = -10:10:10
INFO     2017-02-16 01:43:52,448-10s Montura Mensaje publicado: AZ = 555:55:55
INFO     2017-02-16 01:43:58,609-10s Montura RA = 20:20:20 DEC = +30:30:30 AZ = 555:55:55 ALT = -10:10:10
INFO     2017-02-16 01:43:58,611-10s Montura Mensaje publicado: AZ = 555:55:55
INFO     2017-02-16 01:44:04,765-10s Montura RA = 20:20:20 DEC = +30:30:30 AZ = 555:55:55 ALT = -10:10:10
INFO     2017-02-16 01:44:04,765-10s Montura Mensaje publicado: AZ = 555:55:55
INFO     2017-02-16 01:44:10,890-10s Montura RA = 20:20:20 DEC = +30:30:30 AZ = 555:55:55 ALT = -10:10:10
INFO     2017-02-16 01:44:10,891-10s Montura Mensaje publicado: AZ = 555:55:55
INFO     2017-02-16 01:44:17,017-10s Montura RA = 20:20:20 DEC = +30:30:30 AZ = 555:55:55 ALT = -10:10:10
INFO     2017-02-16 01:44:17,019-10s Montura Mensaje publicado: AZ = 555:55:55
INFO     2017-02-16 01:44:23,151-10s Montura RA = 20:20:20 DEC = +30:30:30 AZ = 555:55:55 ALT = -10:10:10
INFO     2017-02-16 01:44:23,153-10s Montura Mensaje publicado: AZ = 555:55:55
INFO     2017-02-16 01:44:29,298-10s Montura RA = 20:20:20 DEC = +30:30:30 AZ = 555:55:55 ALT = -10:10:10
INFO     2017-02-16 01:44:29,299-10s Montura Mensaje publicado: AZ = 555:55:55
INFO     2017-02-16 01:44:35,418-10s Montura RA = 20:20:20 DEC = +30:30:30 AZ = 555:55:55 ALT = -10:10:10
INFO     2017-02-16 01:44:35,420-10s Montura Mensaje publicado: AZ = 555:55:55
INFO     2017-02-16 01:44:41,553-10s Montura RA = 20:20:20 DEC = +30:30:30 AZ = 555:55:55 ALT = -10:10:10
INFO     2017-02-16 01:44:41,555-10s Montura Mensaje publicado: AZ = 555:55:55
INFO     2017-02-16 01:44:47,696-10s Montura RA = 20:20:20 DEC = +30:30:30 AZ = 555:55:55 ALT = -10:10:10
INFO     2017-02-16 01:44:47,697-10s Montura Mensaje publicado: AZ = 555:55:55
INFO     2017-02-16 01:44:53,839-10s Montura RA = 20:20:20 DEC = +30:30:30 AZ = 555:55:55 ALT = -10:10:10
INFO     2017-02-16 01:44:53,839-10s Montura Mensaje publicado: AZ = 555:55:55
INFO     2017-02-16 01:44:59,980-10s Montura RA = 20:20:20 DEC = +30:30:30 AZ = 555:55:55 ALT = -10:10:10
INFO     2017-02-16 01:44:59,980-10s Montura Mensaje publicado: AZ = 555:55:55
INFO     2017-02-16 01:45:06,121-10s Montura RA = 20:20:20 DEC = +30:30:30 AZ = 555:55:55 ALT = -10:10:10
INFO     2017-02-16 01:45:06,121-10s Montura Mensaje publicado: AZ = 555:55:55
INFO     2017-02-16 01:45:12,266-10s Montura RA = 20:20:20 DEC = +30:30:30 AZ = 555:55:55 ALT = -10:10:10
INFO     2017-02-16 01:45:12,266-10s Montura Mensaje publicado: AZ = 555:55:55
INFO     2017-02-16 01:45:18,404-10s Montura RA = 20:20:20 DEC = +30:30:30 AZ = 555:55:55 ALT = -10:10:10
INFO     2017-02-16 01:45:18,404-10s Montura Mensaje publicado: AZ = 555:55:55
INFO     2017-02-16 01:45:24,535-10s Montura RA = 20:20:20 DEC = +30:30:30 AZ = 555:55:55 ALT = -10:10:10
INFO     2017-02-16 01:45:24,536-10s Montura Mensaje publicado: AZ = 555:55:55
INFO     2017-02-16 01:45:30,686-10s Montura RA = 20:20:20 DEC = +30:30:30 AZ = 555:55:55 ALT = -10:10:10
INFO     2017-02-16 01:45:30,687-10s Montura Mensaje publicado: AZ = 555:55:55
INFO     2017-02-16 01:45:36,825-10s Montura RA = 20:20:20 DEC = +30:30:30 AZ = 555:55:55 ALT = -10:10:10
INFO     2017-02-16 01:45:36,825-10s Montura Mensaje publicado: AZ = 555:55:55
INFO     2017-02-16 01:45:42,963-10s Montura RA = 20:20:20 DEC = +30:30:30 AZ = 555:55:55 ALT = -10:10:10
INFO     2017-02-16 01:45:42,963-10s Montura Mensaje publicado: AZ = 555:55:55
INFO     2017-02-16 01:45:49,121-10s Montura RA = 20:20:20 DEC = +30:30:30 AZ = 555:55:55 ALT = -10:10:10
INFO     2017-02-16 01:45:49,121-10s Montura Mensaje publicado: AZ = 555:55:55
INFO     2017-02-16 01:45:55,276-10s Montura RA = 20:20:20 DEC = +30:30:30 AZ = 555:55:55 ALT = -10:10:10
INFO     2017-02-16 01:45:55,276-10s Montura Mensaje publicado: AZ = 555:55:55
INFO     2017-02-16 01:46:01,404-10s Montura RA = 20:20:20 DEC = +30:30:30 AZ = 555:55:55 ALT = -10:10:10
INFO     2017-02-16 01:46:01,405-10s Montura Mensaje publicado: AZ = 555:55:55
INFO     2017-02-16 01:46:07,549-10s Montura RA = 20:20:20 DEC = +30:30:30 AZ = 555:55:55 ALT = -10:10:10
INFO     2017-02-16 01:46:07,549-10s Montura Mensaje publicado: AZ = 555:55:55
INFO     2017-02-16 01:46:13,678-10s Montura RA = 20:20:20 DEC = +30:30:30 AZ = 555:55:55 ALT = -10:10:10
INFO     2017-02-16 01:46:13,678-10s Montura Mensaje publicado: AZ = 555:55:55
INFO     2017-02-16 01:46:19,855-10s Montura RA = 20:20:20 DEC = +30:30:30 AZ = 555:55:55 ALT = -10:10:10
INFO     2017-02-16 01:46:19,855-10s Montura Mensaje publicado: AZ = 555:55:55
INFO     2017-02-16 01:46:25,994-10s Montura RA = 20:20:20 DEC = +30:30:30 AZ = 555:55:55 ALT = -10:10:10
INFO     2017-02-16 01:46:25,994-10s Montura Mensaje publicado: AZ = 555:55:55
INFO     2017-02-16 01:46:32,134-10s Montura RA = 20:20:20 DEC = +30:30:30 AZ = 555:55:55 ALT = -10:10:10
INFO     2017-02-16 01:46:32,134-10s Montura Mensaje publicado: AZ = 555:55:55
INFO     2017-02-16 01:46:38,279-10s Montura RA = 20:20:20 DEC = +30:30:30 AZ = 555:55:55 ALT = -10:10:10
INFO     2017-02-16 01:46:38,279-10s Montura Mensaje publicado: AZ = 555:55:55
INFO     2017-02-16 01:46:44,438-10s Montura RA = 20:20:20 DEC = +30:30:30 AZ = 555:55:55 ALT = -10:10:10
INFO     2017-02-16 01:46:44,438-10s Montura Mensaje publicado: AZ = 555:55:55
INFO     2017-02-16 01:46:50,576-10s Montura RA = 20:20:20 DEC = +30:30:30 AZ = 555:55:55 ALT = -10:10:10
INFO     2017-02-16 01:46:50,576-10s Montura Mensaje publicado: AZ = 555:55:55
INFO     2017-02-16 01:46:56,713-10s Montura RA = 20:20:20 DEC = +30:30:30 AZ = 555:55:55 ALT = -10:10:10
INFO     2017-02-16 01:46:56,713-10s Montura Mensaje publicado: AZ = 555:55:55
INFO     2017-02-16 01:47:02,855-10s Montura RA = 20:20:20 DEC = +30:30:30 AZ = 555:55:55 ALT = -10:10:10
INFO     2017-02-16 01:47:02,855-10s Montura Mensaje publicado: AZ = 555:55:55
INFO     2017-02-16 01:47:08,996-10s Montura RA = 20:20:20 DEC = +30:30:30 AZ = 555:55:55 ALT = -10:10:10
INFO     2017-02-16 01:47:08,996-10s Montura Mensaje publicado: AZ = 555:55:55
INFO     2017-02-16 01:47:15,145-10s Montura RA = 20:20:20 DEC = +30:30:30 AZ = 555:55:55 ALT = -10:10:10
INFO     2017-02-16 01:47:15,147-10s Montura Mensaje publicado: AZ = 555:55:55
INFO     2017-02-16 01:47:21,305-10s Montura RA = 20:20:20 DEC = +30:30:30 AZ = 555:55:55 ALT = -10:10:10
INFO     2017-02-16 01:47:21,305-10s Montura Mensaje publicado: AZ = 555:55:55
INFO     2017-02-16 01:47:27,463-10s Montura RA = 20:20:20 DEC = +30:30:30 AZ = 555:55:55 ALT = -10:10:10
INFO     2017-02-16 01:47:27,463-10s Montura Mensaje publicado: AZ = 555:55:55
INFO     2017-02-16 01:47:33,601-10s Montura RA = 20:20:20 DEC = +30:30:30 AZ = 555:55:55 ALT = -10:10:10
INFO     2017-02-16 01:47:33,601-10s Montura Mensaje publicado: AZ = 555:55:55
INFO     2017-02-16 01:47:39,747-10s Montura RA = 20:20:20 DEC = +30:30:30 AZ = 555:55:55 ALT = -10:10:10
INFO     2017-02-16 01:47:39,749-10s Montura Mensaje publicado: AZ = 555:55:55
INFO     2017-02-16 01:47:45,877-10s Montura RA = 20:20:20 DEC = +30:30:30 AZ = 555:55:55 ALT = -10:10:10
INFO     2017-02-16 01:47:45,877-10s Montura Mensaje publicado: AZ = 555:55:55
INFO     2017-02-16 01:47:52,013-10s Montura RA = 20:20:20 DEC = +30:30:30 AZ = 555:55:55 ALT = -10:10:10
INFO     2017-02-16 01:47:52,013-10s Montura Mensaje publicado: AZ = 555:55:55
INFO     2017-02-16 01:47:58,141-10s Montura RA = 20:20:20 DEC = +30:30:30 AZ = 555:55:55 ALT = -10:10:10
INFO     2017-02-16 01:47:58,142-10s Montura Mensaje publicado: AZ = 555:55:55
INFO     2017-02-16 01:48:04,282-10s Montura RA = 20:20:20 DEC = +30:30:30 AZ = 555:55:55 ALT = -10:10:10
INFO     2017-02-16 01:48:04,283-10s Montura Mensaje publicado: AZ = 555:55:55
INFO     2017-02-16 01:48:10,417-10s Montura RA = 20:20:20 DEC = +30:30:30 AZ = 555:55:55 ALT = -10:10:10
INFO     2017-02-16 01:48:10,417-10s Montura Mensaje publicado: AZ = 555:55:55
INFO     2017-02-16 01:48:16,553-10s Montura RA = 20:20:20 DEC = +30:30:30 AZ = 555:55:55 ALT = -10:10:10
INFO     2017-02-16 01:48:16,555-10s Montura Mensaje publicado: AZ = 555:55:55
INFO     2017-02-16 01:48:22,697-10s Montura RA = 20:20:20 DEC = +30:30:30 AZ = 555:55:55 ALT = -10:10:10
INFO     2017-02-16 01:48:22,697-10s Montura Mensaje publicado: AZ = 555:55:55
INFO     2017-02-16 01:48:28,839-10s Montura RA = 20:20:20 DEC = +30:30:30 AZ = 555:55:55 ALT = -10:10:10
INFO     2017-02-16 01:48:28,841-10s Montura Mensaje publicado: AZ = 555:55:55
INFO     2017-02-16 01:48:34,971-10s Montura RA = 20:20:20 DEC = +30:30:30 AZ = 555:55:55 ALT = -10:10:10
INFO     2017-02-16 01:48:34,971-10s Montura Mensaje publicado: AZ = 555:55:55
INFO     2017-02-16 01:48:41,119-10s Montura RA = 20:20:20 DEC = +30:30:30 AZ = 555:55:55 ALT = -10:10:10
INFO     2017-02-16 01:48:41,119-10s Montura Mensaje publicado: AZ = 555:55:55
INFO     2017-02-16 01:48:47,259-10s Montura RA = 20:20:20 DEC = +30:30:30 AZ = 555:55:55 ALT = -10:10:10
INFO     2017-02-16 01:48:47,260-10s Montura Mensaje publicado: AZ = 555:55:55
INFO     2017-02-16 01:48:53,398-10s Montura RA = 20:20:20 DEC = +30:30:30 AZ = 555:55:55 ALT = -10:10:10
INFO     2017-02-16 01:48:53,398-10s Montura Mensaje publicado: AZ = 555:55:55
INFO     2017-02-16 01:48:59,523-10s Montura RA = 20:20:20 DEC = +30:30:30 AZ = 555:55:55 ALT = -10:10:10
INFO     2017-02-16 01:48:59,525-10s Montura Mensaje publicado: AZ = 555:55:55
INFO     2017-02-16 01:49:05,671-10s Montura RA = 20:20:20 DEC = +30:30:30 AZ = 555:55:55 ALT = -10:10:10
INFO     2017-02-16 01:49:05,671-10s Montura Mensaje publicado: AZ = 555:55:55
INFO     2017-02-16 01:49:11,806-10s Montura RA = 20:20:20 DEC = +30:30:30 AZ = 555:55:55 ALT = -10:10:10
INFO     2017-02-16 01:49:11,808-10s Montura Mensaje publicado: AZ = 555:55:55
INFO     2017-02-16 01:49:17,957-10s Montura RA = 20:20:20 DEC = +30:30:30 AZ = 555:55:55 ALT = -10:10:10
INFO     2017-02-16 01:49:17,957-10s Montura Mensaje publicado: AZ = 555:55:55
INFO     2017-02-16 01:49:24,112-10s Montura RA = 20:20:20 DEC = +30:30:30 AZ = 555:55:55 ALT = -10:10:10
INFO     2017-02-16 01:49:24,114-10s Montura Mensaje publicado: AZ = 555:55:55
INFO     2017-02-16 01:49:30,224-10s Montura RA = 20:20:20 DEC = +30:30:30 AZ = 555:55:55 ALT = -10:10:10
INFO     2017-02-16 01:49:30,226-10s Montura Mensaje publicado: AZ = 555:55:55
INFO     2017-02-16 01:49:36,365-10s Montura RA = 20:20:20 DEC = +30:30:30 AZ = 555:55:55 ALT = -10:10:10
INFO     2017-02-16 01:49:36,365-10s Montura Mensaje publicado: AZ = 555:55:55
INFO     2017-02-16 01:49:42,503-10s Montura RA = 20:20:20 DEC = +30:30:30 AZ = 555:55:55 ALT = -10:10:10
INFO     2017-02-16 01:49:42,503-10s Montura Mensaje publicado: AZ = 555:55:55
INFO     2017-02-16 01:49:48,638-10s Montura RA = 20:20:20 DEC = +30:30:30 AZ = 555:55:55 ALT = -10:10:10
INFO     2017-02-16 01:49:48,638-10s Montura Mensaje publicado: AZ = 555:55:55
INFO     2017-02-16 01:49:54,779-10s Montura RA = 20:20:20 DEC = +30:30:30 AZ = 555:55:55 ALT = -10:10:10
INFO     2017-02-16 01:49:54,779-10s Montura Mensaje publicado: AZ = 555:55:55
INFO     2017-02-16 01:50:00,924-10s Montura RA = 20:20:20 DEC = +30:30:30 AZ = 555:55:55 ALT = -10:10:10
INFO     2017-02-16 01:50:00,924-10s Montura Mensaje publicado: AZ = 555:55:55
INFO     2017-02-16 01:50:07,069-10s Montura RA = 20:20:20 DEC = +30:30:30 AZ = 555:55:55 ALT = -10:10:10
INFO     2017-02-16 01:50:07,071-10s Montura Mensaje publicado: AZ = 555:55:55
INFO     2017-02-16 01:50:13,213-10s Montura RA = 20:20:20 DEC = +30:30:30 AZ = 555:55:55 ALT = -10:10:10
INFO     2017-02-16 01:50:13,213-10s Montura Mensaje publicado: AZ = 555:55:55
INFO     2017-02-16 01:50:19,351-10s Montura RA = 20:20:20 DEC = +30:30:30 AZ = 555:55:55 ALT = -10:10:10
INFO     2017-02-16 01:50:19,351-10s Montura Mensaje publicado: AZ = 555:55:55
INFO     2017-02-16 01:50:25,499-10s Montura RA = 20:20:20 DEC = +30:30:30 AZ = 555:55:55 ALT = -10:10:10
INFO     2017-02-16 01:50:25,500-10s Montura Mensaje publicado: AZ = 555:55:55
INFO     2017-02-16 01:50:31,651-10s Montura RA = 20:20:20 DEC = +30:30:30 AZ = 555:55:55 ALT = -10:10:10
INFO     2017-02-16 01:50:31,651-10s Montura Mensaje publicado: AZ = 555:55:55
INFO     2017-02-16 01:50:37,795-10s Montura RA = 20:20:20 DEC = +30:30:30 AZ = 555:55:55 ALT = -10:10:10
INFO     2017-02-16 01:50:37,795-10s Montura Mensaje publicado: AZ = 555:55:55
INFO     2017-02-16 01:50:43,943-10s Montura RA = 20:20:20 DEC = +30:30:30 AZ = 555:55:55 ALT = -10:10:10
INFO     2017-02-16 01:50:43,944-10s Montura Mensaje publicado: AZ = 555:55:55
INFO     2017-02-16 01:50:50,101-10s Montura RA = 20:20:20 DEC = +30:30:30 AZ = 555:55:55 ALT = -10:10:10
INFO     2017-02-16 01:50:50,101-10s Montura Mensaje publicado: AZ = 555:55:55
INFO     2017-02-16 01:50:56,227-10s Montura RA = 20:20:20 DEC = +30:30:30 AZ = 555:55:55 ALT = -10:10:10
INFO     2017-02-16 01:50:56,229-10s Montura Mensaje publicado: AZ = 555:55:55
INFO     2017-02-16 01:51:02,372-10s Montura RA = 20:20:20 DEC = +30:30:30 AZ = 555:55:55 ALT = -10:10:10
INFO     2017-02-16 01:51:02,372-10s Montura Mensaje publicado: AZ = 555:55:55
INFO     2017-02-16 01:51:08,500-10s Montura RA = 20:20:20 DEC = +30:30:30 AZ = 555:55:55 ALT = -10:10:10
INFO     2017-02-16 01:51:08,500-10s Montura Mensaje publicado: AZ = 555:55:55
INFO     2017-02-16 01:51:14,615-10s Montura RA = 20:20:20 DEC = +30:30:30 AZ = 555:55:55 ALT = -10:10:10
INFO     2017-02-16 01:51:14,615-10s Montura Mensaje publicado: AZ = 555:55:55
INFO     2017-02-16 01:51:20,763-10s Montura RA = 20:20:20 DEC = +30:30:30 AZ = 555:55:55 ALT = -10:10:10
INFO     2017-02-16 01:51:20,763-10s Montura Mensaje publicado: AZ = 555:55:55
INFO     2017-02-16 01:51:26,904-10s Montura RA = 20:20:20 DEC = +30:30:30 AZ = 555:55:55 ALT = -10:10:10
INFO     2017-02-16 01:51:26,905-10s Montura Mensaje publicado: AZ = 555:55:55
INFO     2017-02-16 01:51:33,042-10s Montura RA = 20:20:20 DEC = +30:30:30 AZ = 555:55:55 ALT = -10:10:10
INFO     2017-02-16 01:51:33,042-10s Montura Mensaje publicado: AZ = 555:55:55
INFO     2017-02-16 01:51:39,191-10s Montura RA = 20:20:20 DEC = +30:30:30 AZ = 555:55:55 ALT = -10:10:10
INFO     2017-02-16 01:51:39,193-10s Montura Mensaje publicado: AZ = 555:55:55
INFO     2017-02-16 01:51:45,328-10s Montura RA = 20:20:20 DEC = +30:30:30 AZ = 555:55:55 ALT = -10:10:10
INFO     2017-02-16 01:51:45,328-10s Montura Mensaje publicado: AZ = 555:55:55
INFO     2017-02-16 01:51:51,497-10s Montura RA = 20:20:20 DEC = +30:30:30 AZ = 555:55:55 ALT = -10:10:10
INFO     2017-02-16 01:51:51,497-10s Montura Mensaje publicado: AZ = 555:55:55
INFO     2017-02-16 01:52:37,749-10s Montura RA = 20:20:20 DEC = +30:30:30 AZ = 555:55:55 ALT = -10:10:10
INFO     2017-02-16 01:52:37,750-10s Montura Mensaje publicado: AZ = 555:55:55
INFO     2017-02-16 01:52:43,877-10s Montura RA = 20:20:20 DEC = +30:30:30 AZ = 555:55:55 ALT = -10:10:10
INFO     2017-02-16 01:52:43,877-10s Montura Mensaje publicado: AZ = 555:55:55
INFO     2017-02-16 01:52:50,012-10s Montura RA = 20:20:20 DEC = +30:30:30 AZ = 555:55:55 ALT = -10:10:10
INFO     2017-02-16 01:52:50,013-10s Montura Mensaje publicado: AZ = 555:55:55
INFO     2017-02-16 01:52:56,157-10s Montura RA = 20:20:20 DEC = +30:30:30 AZ = 555:55:55 ALT = -10:10:10
INFO     2017-02-16 01:52:56,157-10s Montura Mensaje publicado: AZ = 555:55:55
INFO     2017-02-16 01:53:02,293-10s Montura RA = 20:20:20 DEC = +30:30:30 AZ = 555:55:55 ALT = -10:10:10
INFO     2017-02-16 01:53:27,717-10s Montura RA = 20:20:20 DEC = +30:30:30 AZ = 555:55:55 ALT = -10:10:10
INFO     2017-02-16 01:53:33,871-10s Montura RA = 20:20:20 DEC = +30:30:30 AZ = 555:55:55 ALT = -10:10:10
INFO     2017-02-16 01:53:40,015-10s Montura RA = 20:20:20 DEC = +30:30:30 AZ = 555:55:55 ALT = -10:10:10
INFO     2017-02-16 01:53:46,147-10s Montura RA = 20:20:20 DEC = +30:30:30 AZ = 555:55:55 ALT = -10:10:10
INFO     2017-02-16 01:53:52,296-10s Montura RA = 20:20:20 DEC = +30:30:30 AZ = 555:55:55 ALT = -10:10:10
INFO     2017-02-16 01:53:58,450-10s Montura RA = 20:20:20 DEC = +30:30:30 AZ = 555:55:55 ALT = -10:10:10
INFO     2017-02-16 01:54:04,605-10s Montura RA = 20:20:20 DEC = +30:30:30 AZ = 555:55:55 ALT = -10:10:10
INFO     2017-02-16 01:54:10,733-10s Montura RA = 20:20:20 DEC = +30:30:30 AZ = 555:55:55 ALT = -10:10:10
INFO     2017-02-16 01:54:16,890-10s Montura RA = 20:20:20 DEC = +30:30:30 AZ = 555:55:55 ALT = -10:10:10
INFO     2017-02-16 01:54:23,029-10s Montura RA = 20:20:20 DEC = +30:30:30 AZ = 555:55:55 ALT = -10:10:10
INFO     2017-02-16 01:54:30,578-10s Montura RA = 20:20:20 DEC = +30:30:30 AZ = 555:55:55 ALT = -10:10:10
INFO     2017-02-16 02:00:15,990-10s Montura RA = 20:20:20 DEC = +30:30:30 AZ = 555:55:55 ALT = -10:10:10
INFO     2017-02-16 02:00:22,115-10s Montura RA = 20:20:20 DEC = +30:30:30 AZ = 555:55:55 ALT = -10:10:10
INFO     2017-02-16 02:00:28,246-10s Montura RA = 20:20:20 DEC = +30:30:30 AZ = 555:55:55 ALT = -10:10:10
INFO     2017-02-16 02:00:34,394-10s Montura RA = 20:20:20 DEC = +30:30:30 AZ = 555:55:55 ALT = -10:10:10
INFO     2017-02-16 02:00:40,535-10s Montura RA = 20:20:20 DEC = +30:30:30 AZ = 555:55:55 ALT = -10:10:10
INFO     2017-02-16 02:00:46,690-10s Montura RA = 20:20:20 DEC = +30:30:30 AZ = 555:55:55 ALT = -10:10:10
INFO     2017-02-16 02:00:52,838-10s Montura RA = 20:20:20 DEC = +30:30:30 AZ = 555:55:55 ALT = -10:10:10
INFO     2017-02-16 02:00:58,986-10s Montura RA = 20:20:20 DEC = +30:30:30 AZ = 555:55:55 ALT = -10:10:10
INFO     2017-02-16 02:01:28,052-10s Montura RA = 20:20:20 DEC = +30:30:30 AZ = 555:55:55 ALT = -10:10:10
INFO     2017-02-16 02:01:34,193-10s Montura RA = 20:20:20 DEC = +30:30:30 AZ = 555:55:55 ALT = -10:10:10
INFO     2017-02-16 02:01:40,349-10s Montura RA = 20:20:20 DEC = +30:30:30 AZ = 555:55:55 ALT = -10:10:10
INFO     2017-02-16 02:01:46,490-10s Montura RA = 20:20:20 DEC = +30:30:30 AZ = 555:55:55 ALT = -10:10:10
INFO     2017-02-16 02:01:52,635-10s Montura RA = 20:20:20 DEC = +30:30:30 AZ = 555:55:55 ALT = -10:10:10
INFO     2017-02-16 02:01:58,782-10s Montura RA = 20:20:20 DEC = +30:30:30 AZ = 555:55:55 ALT = -10:10:10
INFO     2017-02-16 02:02:04,924-10s Montura RA = 20:20:20 DEC = +30:30:30 AZ = 555:55:55 ALT = -10:10:10
INFO     2017-02-16 02:02:11,053-10s Montura RA = 20:20:20 DEC = +30:30:30 AZ = 555:55:55 ALT = -10:10:10
INFO     2017-02-16 02:02:17,207-10s Montura RA = 20:20:20 DEC = +30:30:30 AZ = 555:55:55 ALT = -10:10:10
INFO     2017-02-16 02:02:51,450-10s Montura RA = 20:20:20 DEC = +30:30:30 AZ = 555:55:55 ALT = -10:10:10
INFO     2017-02-16 02:02:57,565-10s Montura RA = 20:20:20 DEC = +30:30:30 AZ = 555:55:55 ALT = -10:10:10
INFO     2017-02-16 02:03:03,687-10s Montura RA = 20:20:20 DEC = +30:30:30 AZ = 555:55:55 ALT = -10:10:10
INFO     2017-02-16 02:03:09,799-10s Montura RA = 20:20:20 DEC = +30:30:30 AZ = 555:55:55 ALT = -10:10:10
INFO     2017-02-16 02:06:17,911-10s Montura RA = 20:20:20 DEC = +30:30:30 AZ = 555:55:55 ALT = -10:10:10
INFO     2017-02-16 02:09:17,474-10s Montura RA = 20:20:20 DEC = +30:30:30 AZ = 555:55:55 ALT = -10:10:10
INFO     2017-02-16 02:11:13,848-10s Montura RA = 20:20:20 DEC = +30:30:30 AZ = 555:55:55 ALT = -10:10:10
INFO     2017-02-16 02:12:41,796-10s Montura RA = 20:20:20 DEC = +30:30:30 AZ = 555:55:55 ALT = -10:10:10
INFO     2017-02-16 02:15:11,210-10s Montura RA = 20:20:20 DEC = +30:30:30 AZ = 555:55:55 ALT = -10:10:10
INFO     2017-02-16 02:18:20,306-10s Montura RA = 20:20:20 DEC = +30:30:30 AZ = 555:55:55 ALT = -10:10:10
INFO     2017-02-16 02:21:32,717-10s Montura RA = 20:20:20 DEC = +30:30:30 AZ = 555:55:55 ALT = -10:10:10
INFO     2017-02-16 02:23:41,608-10s Montura RA = 20:20:20 DEC = +30:30:30 AZ = 555:55:55 ALT = -10:10:10
INFO     2017-02-21 19:04:28,305-10s Montura RA =  DEC = : AZ = : ALT = :
INFO     2017-02-21 19:04:28,305-10s Montura Mensaje publicado: AZ = :
INFO     2017-02-21 19:04:34,440-10s Montura RA =  DEC = : AZ = : ALT = :
INFO     2017-02-21 19:09:05,665-10s Montura RA = 03:55:11 DEC = -53:59:50 AZ = 162:01:35 ALT = -16:41:37
INFO     2017-02-21 19:09:05,665-10s Montura Mensaje publicado: AZ = 162:01:35
INFO     2017-02-21 19:09:11,828-10s Montura RA = 03:55:17 DEC = -53:59:50 AZ = 162:01:35 ALT = -16:41:37
INFO     2017-02-21 19:12:42,490-10s Montura RA = 03:21:24 DEC = -30:42:36 AZ = 162:01:35 ALT = +07:41:31
INFO     2017-02-21 19:12:42,490-10s Montura Mensaje publicado: AZ = 162:01:35
INFO     2017-02-21 19:12:48,655-10s Montura RA = 03:21:30 DEC = -30:42:36 AZ = 162:01:35 ALT = +07:41:31
INFO     2017-02-21 19:16:26,694-10s Montura RA = 03:25:09 DEC = -30:42:36 AZ = 162:01:35 ALT = +07:41:31
INFO     2017-02-21 19:16:26,694-10s Montura Mensaje publicado: AZ = 162:01:35
INFO     2017-02-21 19:16:32,857-10s Montura RA = 03:25:15 DEC = -30:42:36 AZ = 162:01:35 ALT = +07:41:31
INFO     2017-02-21 19:16:32,857-10s Montura Mensaje publicado: AZ = 162:01:35
INFO     2017-02-21 19:16:39,007-10s Montura RA = 03:25:21 DEC = -30:42:36 AZ = 162:01:35 ALT = +07:41:31
INFO     2017-02-21 19:16:39,007-10s Montura Mensaje publicado: AZ = 162:01:35
INFO     2017-02-21 19:16:45,158-10s Montura RA = 03:25:28 DEC = -30:42:36 AZ = 162:01:35 ALT = +07:41:31
INFO     2017-02-21 19:16:45,158-10s Montura Mensaje publicado: AZ = 162:01:35
INFO     2017-02-21 19:16:51,319-10s Montura RA = 03:25:34 DEC = -30:42:36 AZ = 162:01:35 ALT = +07:41:31
INFO     2017-02-21 19:16:51,319-10s Montura Mensaje publicado: AZ = 162:01:35
INFO     2017-02-21 19:16:57,482-10s Montura RA = 03:25:40 DEC = -30:42:36 AZ = 162:01:35 ALT = +07:41:31
INFO     2017-02-21 19:16:57,482-10s Montura Mensaje publicado: AZ = 162:01:35
INFO     2017-02-21 19:17:03,651-10s Montura RA = 03:25:46 DEC = -30:42:36 AZ = 162:01:35 ALT = +07:41:31
INFO     2017-02-21 19:17:03,651-10s Montura Mensaje publicado: AZ = 162:01:35
INFO     2017-02-21 19:17:09,801-10s Montura RA = 03:25:52 DEC = -30:42:36 AZ = 162:01:35 ALT = +07:41:31
INFO     2017-02-21 19:17:09,801-10s Montura Mensaje publicado: AZ = 162:01:35
INFO     2017-02-21 19:17:15,963-10s Montura RA = 03:25:58 DEC = -30:42:36 AZ = 162:01:35 ALT = +07:41:31
INFO     2017-02-21 19:17:15,963-10s Montura Mensaje publicado: AZ = 162:01:35
INFO     2017-02-21 19:17:22,118-10s Montura RA = 03:26:05 DEC = -30:42:36 AZ = 162:01:35 ALT = +07:41:31
INFO     2017-02-21 19:17:22,118-10s Montura Mensaje publicado: AZ = 162:01:35
INFO     2017-02-21 19:17:28,266-10s Montura RA = 03:26:11 DEC = -30:42:36 AZ = 162:01:35 ALT = +07:41:31
INFO     2017-02-21 19:17:28,266-10s Montura Mensaje publicado: AZ = 162:01:35
INFO     2017-02-21 19:17:34,427-10s Montura RA = 03:26:17 DEC = -30:42:36 AZ = 162:01:35 ALT = +07:41:31
INFO     2017-02-21 19:17:34,427-10s Montura Mensaje publicado: AZ = 162:01:35
INFO     2017-02-21 19:17:40,592-10s Montura RA = 03:26:23 DEC = -30:42:36 AZ = 162:01:35 ALT = +07:41:31
INFO     2017-02-21 19:25:32,937-10s Montura RA = 03:33:39 DEC = -25:24:23 AZ = 141:24:23 ALT = +10:11:22
INFO     2017-02-21 19:25:39,111-10s Montura RA = 06:20:13 DEC = -00:47:22 AZ = 100:32:36 ALT = +10:10:21
INFO     2017-02-21 19:25:45,279-10s Montura RA = 07:14:47 DEC = +01:11:47 AZ = 100:10:13 ALT = +10:10:21
INFO     2017-02-21 19:25:51,459-10s Montura RA = 07:14:16 DEC = +01:11:09 AZ = 100:10:13 ALT = +10:10:21
INFO     2017-02-21 19:28:38,072-10s Montura RA = 07:14:32 DEC = +13:11:39 AZ = 080:55:38 ALT = +20:43:25
INFO     2017-02-21 19:28:44,232-10s Montura RA = 07:49:37 DEC = +21:30:26 AZ = 080:29:03 ALT = +20:20:23
INFO     2017-02-21 19:28:50,382-10s Montura RA = 07:47:48 DEC = +21:22:13 AZ = 080:30:31 ALT = +20:20:21
INFO     2017-02-21 19:28:56,549-10s Montura RA = 07:47:55 DEC = +21:22:13 AZ = 080:30:31 ALT = +20:20:21
INFO     2017-02-21 19:31:24,437-10s Montura RA = 07:52:52 DEC = +09:40:32 AZ = 098:17:56 ALT = +10:07:29
INFO     2017-02-21 19:33:32,565-10s Montura RA = 05:33:23 DEC = +05:55:09 AZ = 120:10:25 ALT = +30:20:34
INFO     2017-02-21 19:36:53,163-10s Montura RA = 05:38:22 DEC = +16:35:19 AZ = 097:28:09 ALT = +50:37:15
INFO     2017-02-21 19:36:59,325-10s Montura RA = 06:19:40 DEC = +53:36:14 AZ = 051:19:04 ALT = +50:10:32
INFO     2017-02-21 19:37:05,493-10s Montura RA = 07:00:58 DEC = +58:20:20 AZ = 050:09:07 ALT = +50:10:30
INFO     2017-02-21 19:37:11,667-10s Montura RA = 07:00:03 DEC = +58:17:02 AZ = 050:10:19 ALT = +50:10:30
INFO     2017-02-21 19:37:17,835-10s Montura RA = 07:00:09 DEC = +58:17:02 AZ = 050:10:19 ALT = +50:10:30
INFO     2017-02-21 19:38:17,746-10s Montura RA = 07:03:02 DEC = +49:19:18 AZ = 068:28:20 ALT = +21:02:54
INFO     2017-02-21 19:38:23,920-10s Montura RA = 07:25:32 DEC = -04:46:33 AZ = 124:53:06 ALT = +10:05:42
INFO     2017-02-21 19:38:30,072-10s Montura RA = 04:39:36 DEC = -26:59:34 AZ = 172:45:08 ALT = +10:10:30
INFO     2017-02-21 19:38:36,230-10s Montura RA = 01:11:12 DEC = -27:48:00 AZ = 201:13:28 ALT = +10:10:30
INFO     2017-02-21 19:38:42,411-10s Montura RA = 00:50:54 DEC = -27:34:53 AZ = 200:50:21 ALT = +10:10:30
INFO     2017-02-21 19:38:48,588-10s Montura RA = 00:51:07 DEC = -27:34:53 AZ = 200:50:21 ALT = +10:10:30
INFO     2017-02-21 19:40:30,255-10s Montura RA = 00:58:23 DEC = -17:16:35 AZ = 176:37:07 ALT = +31:30:49
INFO     2017-02-21 19:40:36,414-10s Montura RA = 03:59:22 DEC = -04:07:25 AZ = 128:39:02 ALT = +30:20:06
INFO     2017-02-21 19:40:42,591-10s Montura RA = 06:23:36 DEC = +23:17:17 AZ = 080:50:19 ALT = +30:20:04
INFO     2017-02-21 19:40:48,740-10s Montura RA = 08:32:55 DEC = +47:36:56 AZ = 050:08:17 ALT = +30:20:04
INFO     2017-02-21 19:40:54,907-10s Montura RA = 08:57:40 DEC = +47:45:12 AZ = 050:29:49 ALT = +30:20:04
INFO     2017-02-21 19:41:01,059-10s Montura RA = 08:57:34 DEC = +47:45:09 AZ = 050:29:49 ALT = +30:20:04
INFO     2017-02-21 19:41:50,555-10s Montura RA = 08:54:50 DEC = +46:50:48 AZ = 074:15:10 ALT = +40:08:34
INFO     2017-02-21 19:41:56,733-10s Montura RA = 06:13:38 DEC = +23:24:10 AZ = 100:29:21 ALT = +40:00:11
INFO     2017-02-21 19:42:02,907-10s Montura RA = 06:09:35 DEC = +23:46:16 AZ = 099:59:52 ALT = +40:00:11
INFO     2017-02-21 19:45:32,467-10s Montura RA = 06:13:08 DEC = +23:46:16 AZ = 099:59:52 ALT = +40:00:11
INFO     2017-02-21 19:45:58,088-10s Montura RA = 06:17:47 DEC = +19:47:56 AZ = 099:59:52 ALT = +29:57:10
INFO     2017-02-21 19:46:04,246-10s Montura RA = 06:42:57 DEC = +16:24:09 AZ = 099:59:52 ALT = +29:59:59
INFO     2017-02-21 19:46:10,398-10s Montura RA = 06:42:49 DEC = +16:26:09 AZ = 099:59:52 ALT = +29:59:59
INFO     2017-02-21 19:48:25,533-10s Montura RA = 06:42:32 DEC = +04:16:25 AZ = 123:35:38 ALT = -03:33:05
INFO     2017-02-21 19:48:31,696-10s Montura RA = 05:36:24 DEC = -43:43:12 AZ = 150:25:48 ALT = -10:01:54
INFO     2017-02-21 19:48:37,874-10s Montura RA = 05:23:54 DEC = -43:14:24 AZ = 150:02:40 ALT = -10:00:18
INFO     2017-02-21 19:48:55,506-10s Montura RA = 05:24:11 DEC = -43:14:24 AZ = 150:02:40 ALT = -10:00:18
INFO     2017-02-21 19:48:55,506-10s Montura Mensaje publicado: AZ = 150:02:40
INFO     2017-02-21 19:49:01,668-10s Montura RA = 05:24:17 DEC = -43:14:24 AZ = 150:02:40 ALT = -10:00:18
INFO     2017-02-21 19:49:01,668-10s Montura Mensaje publicado: AZ = 150:02:40
INFO     2017-02-21 19:49:07,813-10s Montura RA = 05:24:24 DEC = -43:14:24 AZ = 150:02:40 ALT = -10:00:18
INFO     2017-02-21 19:49:07,813-10s Montura Mensaje publicado: AZ = 150:02:40
INFO     2017-02-21 19:49:13,976-10s Montura RA = 05:24:30 DEC = -43:14:24 AZ = 150:02:40 ALT = -10:00:18
INFO     2017-02-21 19:49:13,976-10s Montura Mensaje publicado: AZ = 150:02:40
INFO     2017-02-21 19:49:24,664-10s Montura RA = 05:24:36 DEC = -43:14:24 AZ = 150:02:40 ALT = -10:00:18
INFO     2017-02-21 19:49:24,664-10s Montura Mensaje publicado: AZ = 150:02:40
INFO     2017-02-21 19:49:30,823-10s Montura RA = 05:25:08 DEC = -25:02:32 AZ = 140:39:08 ALT = +10:51:07
INFO     2017-02-21 19:49:30,823-10s Montura Mensaje publicado: AZ = 140:39:08
INFO     2017-02-21 19:49:36,971-10s Montura RA = 05:22:37 DEC = -21:06:54 AZ = 140:42:07 ALT = +10:09:36
INFO     2017-02-21 19:49:36,971-10s Montura Mensaje publicado: AZ = 140:42:07
INFO     2017-02-21 19:49:43,150-10s Montura RA = 05:22:59 DEC = -21:08:25 AZ = 140:42:07 ALT = +10:09:36
INFO     2017-02-21 19:49:43,150-10s Montura Mensaje publicado: AZ = 140:42:07
INFO     2017-02-21 19:49:49,308-10s Montura RA = 05:23:05 DEC = -21:08:25 AZ = 140:42:07 ALT = +10:09:36
INFO     2017-02-21 19:54:42,696-10s Montura RA = 04:46:15 DEC = +00:54:33 AZ = 140:42:07 ALT = +34:23:40
INFO     2017-02-21 19:54:42,696-10s Montura Mensaje publicado: AZ = 140:42:07
INFO     2017-02-21 19:54:48,848-10s Montura RA = 04:46:21 DEC = +00:54:33 AZ = 140:42:07 ALT = +34:23:40
INFO     2017-02-21 19:54:48,848-10s Montura Mensaje publicado: AZ = 140:42:07
INFO     2017-02-21 19:54:54,977-10s Montura RA = 04:46:27 DEC = +00:54:33 AZ = 140:42:07 ALT = +34:23:40
INFO     2017-02-21 19:54:54,977-10s Montura Mensaje publicado: AZ = 140:42:07
INFO     2017-02-21 19:55:01,138-10s Montura RA = 04:46:33 DEC = +00:54:33 AZ = 140:42:07 ALT = +34:23:40
INFO     2017-02-21 19:55:01,138-10s Montura Mensaje publicado: AZ = 140:42:07
INFO     2017-02-21 19:55:07,299-10s Montura RA = 04:46:39 DEC = +00:54:33 AZ = 140:42:07 ALT = +34:23:40
INFO     2017-02-21 19:55:07,299-10s Montura Mensaje publicado: AZ = 140:42:07
INFO     2017-02-21 19:55:13,457-10s Montura RA = 04:46:46 DEC = +00:54:33 AZ = 140:42:07 ALT = +34:23:40
INFO     2017-02-21 19:55:13,457-10s Montura Mensaje publicado: AZ = 140:42:07
INFO     2017-02-21 19:55:19,595-10s Montura RA = 04:46:52 DEC = +00:54:33 AZ = 140:42:07 ALT = +34:23:40
INFO     2017-02-21 19:55:19,595-10s Montura Mensaje publicado: AZ = 140:42:07
INFO     2017-02-21 19:55:53,737-10s Montura RA = 04:47:26 DEC = +00:54:33 AZ = 140:42:07 ALT = +34:23:40
INFO     2017-02-21 19:55:53,737-10s Montura Mensaje publicado: AZ = 140:42:07
INFO     2017-02-21 19:55:59,885-10s Montura RA = 04:47:32 DEC = +00:54:33 AZ = 140:42:07 ALT = +34:23:40
INFO     2017-02-21 19:55:59,885-10s Montura Mensaje publicado: AZ = 140:42:07
INFO     2017-02-21 19:56:06,046-10s Montura RA = 04:47:38 DEC = +00:54:33 AZ = 140:42:07 ALT = +34:23:40
INFO     2017-02-21 19:56:06,046-10s Montura Mensaje publicado: AZ = 140:42:07
INFO     2017-02-21 19:56:15,217-10s Montura RA = 04:47:45 DEC = +00:27:13 AZ = 154:30:06 ALT = +34:23:40
INFO     2017-02-21 19:56:15,217-10s Montura Mensaje publicado: AZ = 154:30:06
INFO     2017-02-21 19:56:21,381-10s Montura RA = 03:04:19 DEC = -05:49:07 AZ = 173:12:50 ALT = +34:23:40
INFO     2017-02-21 19:56:21,381-10s Montura Mensaje publicado: AZ = 173:12:50
INFO     2017-02-21 19:56:27,542-10s Montura RA = 03:04:25 DEC = -05:49:07 AZ = 173:12:50 ALT = +34:23:40
